# JRE version: OpenJDK Runtime Environment Temurin-21.0.7+6 (21.0.7+6) (build 21.0.7+6-LTS)
# Java VM: OpenJDK 64-Bit Server VM Temurin-21.0.7+6 (21.0.7+6-LTS, mixed mode, sharing, tiered, compressed oops, compressed class ptrs, parallel gc, windows-amd64)
GC Precious Log:
 CardTable entry size: 512
 CPUs: 8 total, 8 available
 Memory: 16068M
 Large Page Support: Disabled
 NUMA Support: Disabled
 Compressed Oops: Enabled (32-bit)
 Alignments: Space 512K, Generation 512K, Heap 2M
 Heap Min Capacity: 100M
 Heap Initial Capacity: 100M
 Heap Max Capacity: 2G
 Pre-touch: Disabled
 Parallel Workers: 8
Heap:
 PSYoungGen      total 3072K, used 2992K [0x00000000d5580000, 0x00000000d5a00000, 0x0000000100000000)
  eden space 1536K, 96% used [0x00000000d5580000,0x00000000d56f1f08,0x00000000d5700000)
  from space 1536K, 98% used [0x00000000d5700000,0x00000000d587a100,0x00000000d5880000)
  to   space 1536K, 61% used [0x00000000d5880000,0x00000000d596de80,0x00000000d5a00000)
 ParOldGen       total 696320K, used 550751K [0x0000000080000000, 0x00000000aa800000, 0x00000000d5580000)
  object space 696320K, 79% used [0x0000000080000000,0x00000000a19d7cf8,0x00000000aa800000)
 Metaspace       used 71035K, committed 72768K, reserved 1114112K
  class space    used 6977K, committed 7744K, reserved 1048576K
GC Heap History (20 events):
Event: 2477.751 GC heap after
{Heap after GC invocations=2403 (full 4):
 PSYoungGen      total 3072K, used 955K [0x00000000d5580000, 0x00000000d5a00000, 0x0000000100000000)
  eden space 1536K, 0% used [0x00000000d5580000,0x00000000d5580000,0x00000000d5700000)
  from space 1536K, 62% used [0x00000000d5700000,0x00000000d57eedd8,0x00000000d5880000)
  to   space 1536K, 0% used [0x00000000d5880000,0x00000000d5880000,0x00000000d5a00000)
 ParOldGen       total 696320K, used 545694K [0x0000000080000000, 0x00000000aa800000, 0x00000000d5580000)
  object space 696320K, 78% used [0x0000000080000000,0x00000000a14e7a70,0x00000000aa800000)
 Metaspace       used 70709K, committed 72448K, reserved 1114112K
  class space    used 6936K, committed 7744K, reserved 1048576K
}
Event: 2477.812 GC heap before
{Heap before GC invocations=2404 (full 4):
 PSYoungGen      total 3072K, used 2491K [0x00000000d5580000, 0x00000000d5a00000, 0x0000000100000000)
  eden space 1536K, 100% used [0x00000000d5580000,0x00000000d5700000,0x00000000d5700000)
  from space 1536K, 62% used [0x00000000d5700000,0x00000000d57eedd8,0x00000000d5880000)
  to   space 1536K, 0% used [0x00000000d5880000,0x00000000d5880000,0x00000000d5a00000)
 ParOldGen       total 696320K, used 545694K [0x0000000080000000, 0x00000000aa800000, 0x00000000d5580000)
  object space 696320K, 78% used [0x0000000080000000,0x00000000a14e7a70,0x00000000aa800000)
 Metaspace       used 70712K, committed 72448K, reserved 1114112K
  class space    used 6936K, committed 7744K, reserved 1048576K
}
Event: 2477.823 GC heap after
{Heap after GC invocations=2404 (full 4):
 PSYoungGen      total 2048K, used 437K [0x00000000d5580000, 0x00000000d5900000, 0x0000000100000000)
  eden space 1536K, 0% used [0x00000000d5580000,0x00000000d5580000,0x00000000d5700000)
  from space 512K, 85% used [0x00000000d5880000,0x00000000d58ed438,0x00000000d5900000)
  to   space 1024K, 0% used [0x00000000d5700000,0x00000000d5700000,0x00000000d5800000)
 ParOldGen       total 696320K, used 546537K [0x0000000080000000, 0x00000000aa800000, 0x00000000d5580000)
  object space 696320K, 78% used [0x0000000080000000,0x00000000a15ba588,0x00000000aa800000)
 Metaspace       used 70712K, committed 72448K, reserved 1114112K
  class space    used 6936K, committed 7744K, reserved 1048576K
}
Event: 4854.755 GC heap before
{Heap before GC invocations=2405 (full 4):
 PSYoungGen      total 2048K, used 1972K [0x00000000d5580000, 0x00000000d5900000, 0x0000000100000000)
  eden space 1536K, 99% used [0x00000000d5580000,0x00000000d56ffc58,0x00000000d5700000)
  from space 512K, 85% used [0x00000000d5880000,0x00000000d58ed438,0x00000000d5900000)
  to   space 1024K, 0% used [0x00000000d5700000,0x00000000d5700000,0x00000000d5800000)
 ParOldGen       total 696320K, used 546537K [0x0000000080000000, 0x00000000aa800000, 0x00000000d5580000)
  object space 696320K, 78% used [0x0000000080000000,0x00000000a15ba588,0x00000000aa800000)
 Metaspace       used 70755K, committed 72512K, reserved 1114112K
  class space    used 6938K, committed 7744K, reserved 1048576K
}
Event: 4854.877 GC heap after
{Heap after GC invocations=2405 (full 4):
 PSYoungGen      total 2560K, used 320K [0x00000000d5580000, 0x00000000d5900000, 0x0000000100000000)
  eden space 1536K, 0% used [0x00000000d5580000,0x00000000d5580000,0x00000000d5700000)
  from space 1024K, 31% used [0x00000000d5700000,0x00000000d5750000,0x00000000d5800000)
  to   space 512K, 0% used [0x00000000d5880000,0x00000000d5880000,0x00000000d5900000)
 ParOldGen       total 696320K, used 546785K [0x0000000080000000, 0x00000000aa800000, 0x00000000d5580000)
  object space 696320K, 78% used [0x0000000080000000,0x00000000a15f8588,0x00000000aa800000)
 Metaspace       used 70755K, committed 72512K, reserved 1114112K
  class space    used 6938K, committed 7744K, reserved 1048576K
}
Event: 5387.798 GC heap before
{Heap before GC invocations=2406 (full 4):
 PSYoungGen      total 2560K, used 1855K [0x00000000d5580000, 0x00000000d5900000, 0x0000000100000000)
  eden space 1536K, 99% used [0x00000000d5580000,0x00000000d56fffa0,0x00000000d5700000)
  from space 1024K, 31% used [0x00000000d5700000,0x00000000d5750000,0x00000000d5800000)
  to   space 512K, 0% used [0x00000000d5880000,0x00000000d5880000,0x00000000d5900000)
 ParOldGen       total 696320K, used 546785K [0x0000000080000000, 0x00000000aa800000, 0x00000000d5580000)
  object space 696320K, 78% used [0x0000000080000000,0x00000000a15f8588,0x00000000aa800000)
 Metaspace       used 70768K, committed 72512K, reserved 1114112K
  class space    used 6938K, committed 7744K, reserved 1048576K
}
Event: 5387.828 GC heap after
{Heap after GC invocations=2406 (full 4):
 PSYoungGen      total 2048K, used 256K [0x00000000d5580000, 0x00000000d5900000, 0x0000000100000000)
  eden space 1536K, 0% used [0x00000000d5580000,0x00000000d5580000,0x00000000d5700000)
  from space 512K, 50% used [0x00000000d5880000,0x00000000d58c0000,0x00000000d5900000)
  to   space 512K, 0% used [0x00000000d5800000,0x00000000d5800000,0x00000000d5880000)
 ParOldGen       total 696320K, used 546945K [0x0000000080000000, 0x00000000aa800000, 0x00000000d5580000)
  object space 696320K, 78% used [0x0000000080000000,0x00000000a1620588,0x00000000aa800000)
 Metaspace       used 70768K, committed 72512K, reserved 1114112K
  class space    used 6938K, committed 7744K, reserved 1048576K
}
Event: 61237.310 GC heap before
{Heap before GC invocations=2407 (full 4):
 PSYoungGen      total 2048K, used 1792K [0x00000000d5580000, 0x00000000d5900000, 0x0000000100000000)
  eden space 1536K, 100% used [0x00000000d5580000,0x00000000d5700000,0x00000000d5700000)
  from space 512K, 50% used [0x00000000d5880000,0x00000000d58c0000,0x00000000d5900000)
  to   space 512K, 0% used [0x00000000d5800000,0x00000000d5800000,0x00000000d5880000)
 ParOldGen       total 696320K, used 546945K [0x0000000080000000, 0x00000000aa800000, 0x00000000d5580000)
  object space 696320K, 78% used [0x0000000080000000,0x00000000a1620588,0x00000000aa800000)
 Metaspace       used 70813K, committed 72576K, reserved 1114112K
  class space    used 6939K, committed 7744K, reserved 1048576K
}
Event: 61237.426 GC heap after
{Heap after GC invocations=2407 (full 4):
 PSYoungGen      total 2048K, used 224K [0x00000000d5580000, 0x00000000d5900000, 0x0000000100000000)
  eden space 1536K, 0% used [0x00000000d5580000,0x00000000d5580000,0x00000000d5700000)
  from space 512K, 43% used [0x00000000d5800000,0x00000000d5838000,0x00000000d5880000)
  to   space 512K, 0% used [0x00000000d5880000,0x00000000d5880000,0x00000000d5900000)
 ParOldGen       total 696320K, used 546977K [0x0000000080000000, 0x00000000aa800000, 0x00000000d5580000)
  object space 696320K, 78% used [0x0000000080000000,0x00000000a1628588,0x00000000aa800000)
 Metaspace       used 70813K, committed 72576K, reserved 1114112K
  class space    used 6939K, committed 7744K, reserved 1048576K
}
Event: 70151.456 GC heap before
{Heap before GC invocations=2408 (full 4):
 PSYoungGen      total 2048K, used 1760K [0x00000000d5580000, 0x00000000d5900000, 0x0000000100000000)
  eden space 1536K, 100% used [0x00000000d5580000,0x00000000d5700000,0x00000000d5700000)
  from space 512K, 43% used [0x00000000d5800000,0x00000000d5838000,0x00000000d5880000)
  to   space 512K, 0% used [0x00000000d5880000,0x00000000d5880000,0x00000000d5900000)
 ParOldGen       total 696320K, used 546977K [0x0000000080000000, 0x00000000aa800000, 0x00000000d5580000)
  object space 696320K, 78% used [0x0000000080000000,0x00000000a1628588,0x00000000aa800000)
 Metaspace       used 70849K, committed 72576K, reserved 1114112K
  class space    used 6946K, committed 7744K, reserved 1048576K
}
Event: 70151.558 GC heap after
{Heap after GC invocations=2408 (full 4):
 PSYoungGen      total 2048K, used 256K [0x00000000d5580000, 0x00000000d5900000, 0x0000000100000000)
  eden space 1536K, 0% used [0x00000000d5580000,0x00000000d5580000,0x00000000d5700000)
  from space 512K, 50% used [0x00000000d5880000,0x00000000d58c0000,0x00000000d5900000)
  to   space 512K, 0% used [0x00000000d5800000,0x00000000d5800000,0x00000000d5880000)
 ParOldGen       total 696320K, used 547033K [0x0000000080000000, 0x00000000aa800000, 0x00000000d5580000)
  object space 696320K, 78% used [0x0000000080000000,0x00000000a1636588,0x00000000aa800000)
 Metaspace       used 70849K, committed 72576K, reserved 1114112K
  class space    used 6946K, committed 7744K, reserved 1048576K
}
Event: 70184.766 GC heap before
{Heap before GC invocations=2409 (full 4):
 PSYoungGen      total 2048K, used 1792K [0x00000000d5580000, 0x00000000d5900000, 0x0000000100000000)
  eden space 1536K, 100% used [0x00000000d5580000,0x00000000d5700000,0x00000000d5700000)
  from space 512K, 50% used [0x00000000d5880000,0x00000000d58c0000,0x00000000d5900000)
  to   space 512K, 0% used [0x00000000d5800000,0x00000000d5800000,0x00000000d5880000)
 ParOldGen       total 696320K, used 547033K [0x0000000080000000, 0x00000000aa800000, 0x00000000d5580000)
  object space 696320K, 78% used [0x0000000080000000,0x00000000a1636588,0x00000000aa800000)
 Metaspace       used 70965K, committed 72704K, reserved 1114112K
  class space    used 6967K, committed 7744K, reserved 1048576K
}
Event: 70184.779 GC heap after
{Heap after GC invocations=2409 (full 4):
 PSYoungGen      total 2048K, used 320K [0x00000000d5580000, 0x00000000d5900000, 0x0000000100000000)
  eden space 1536K, 0% used [0x00000000d5580000,0x00000000d5580000,0x00000000d5700000)
  from space 512K, 62% used [0x00000000d5800000,0x00000000d5850000,0x00000000d5880000)
  to   space 512K, 0% used [0x00000000d5880000,0x00000000d5880000,0x00000000d5900000)
 ParOldGen       total 696320K, used 547073K [0x0000000080000000, 0x00000000aa800000, 0x00000000d5580000)
  object space 696320K, 78% used [0x0000000080000000,0x00000000a1640588,0x00000000aa800000)
 Metaspace       used 70965K, committed 72704K, reserved 1114112K
  class space    used 6967K, committed 7744K, reserved 1048576K
}
Event: 70186.062 GC heap before
{Heap before GC invocations=2410 (full 4):
 PSYoungGen      total 2048K, used 1856K [0x00000000d5580000, 0x00000000d5900000, 0x0000000100000000)
  eden space 1536K, 100% used [0x00000000d5580000,0x00000000d5700000,0x00000000d5700000)
  from space 512K, 62% used [0x00000000d5800000,0x00000000d5850000,0x00000000d5880000)
  to   space 512K, 0% used [0x00000000d5880000,0x00000000d5880000,0x00000000d5900000)
 ParOldGen       total 696320K, used 547073K [0x0000000080000000, 0x00000000aa800000, 0x00000000d5580000)
  object space 696320K, 78% used [0x0000000080000000,0x00000000a1640588,0x00000000aa800000)
 Metaspace       used 71035K, committed 72768K, reserved 1114112K
  class space    used 6977K, committed 7744K, reserved 1048576K
}
Event: 70186.070 GC heap after
{Heap after GC invocations=2410 (full 4):
 PSYoungGen      total 2048K, used 256K [0x00000000d5580000, 0x00000000d5900000, 0x0000000100000000)
  eden space 1536K, 0% used [0x00000000d5580000,0x00000000d5580000,0x00000000d5700000)
  from space 512K, 50% used [0x00000000d5880000,0x00000000d58c0000,0x00000000d5900000)
  to   space 512K, 0% used [0x00000000d5800000,0x00000000d5800000,0x00000000d5880000)
 ParOldGen       total 696320K, used 547183K [0x0000000080000000, 0x00000000aa800000, 0x00000000d5580000)
  object space 696320K, 78% used [0x0000000080000000,0x00000000a165bd68,0x00000000aa800000)
 Metaspace       used 71035K, committed 72768K, reserved 1114112K
  class space    used 6977K, committed 7744K, reserved 1048576K
}
Event: 70186.404 GC heap before
{Heap before GC invocations=2411 (full 4):
 PSYoungGen      total 2048K, used 1792K [0x00000000d5580000, 0x00000000d5900000, 0x0000000100000000)
  eden space 1536K, 100% used [0x00000000d5580000,0x00000000d5700000,0x00000000d5700000)
  from space 512K, 50% used [0x00000000d5880000,0x00000000d58c0000,0x00000000d5900000)
  to   space 512K, 0% used [0x00000000d5800000,0x00000000d5800000,0x00000000d5880000)
 ParOldGen       total 696320K, used 547183K [0x0000000080000000, 0x00000000aa800000, 0x00000000d5580000)
  object space 696320K, 78% used [0x0000000080000000,0x00000000a165bd68,0x00000000aa800000)
 Metaspace       used 71035K, committed 72768K, reserved 1114112K
  class space    used 6977K, committed 7744K, reserved 1048576K
}
Event: 70187.411 GC heap after
{Heap after GC invocations=2411 (full 4):
 PSYoungGen      total 2048K, used 482K [0x00000000d5580000, 0x00000000d5a00000, 0x0000000100000000)
  eden space 1536K, 0% used [0x00000000d5580000,0x00000000d5580000,0x00000000d5700000)
  from space 512K, 94% used [0x00000000d5800000,0x00000000d5878840,0x00000000d5880000)
  to   space 1536K, 0% used [0x00000000d5880000,0x00000000d5880000,0x00000000d5a00000)
 ParOldGen       total 696320K, used 547773K [0x0000000080000000, 0x00000000aa800000, 0x00000000d5580000)
  object space 696320K, 78% used [0x0000000080000000,0x00000000a16ef508,0x00000000aa800000)
 Metaspace       used 71035K, committed 72768K, reserved 1114112K
  class space    used 6977K, committed 7744K, reserved 1048576K
}
Event: 70187.474 GC heap before
{Heap before GC invocations=2412 (full 4):
 PSYoungGen      total 2048K, used 1748K [0x00000000d5580000, 0x00000000d5a00000, 0x0000000100000000)
  eden space 1536K, 82% used [0x00000000d5580000,0x00000000d56bc9d8,0x00000000d5700000)
  from space 512K, 94% used [0x00000000d5800000,0x00000000d5878840,0x00000000d5880000)
  to   space 1536K, 0% used [0x00000000d5880000,0x00000000d5880000,0x00000000d5a00000)
 ParOldGen       total 696320K, used 547773K [0x0000000080000000, 0x00000000aa800000, 0x00000000d5580000)
  object space 696320K, 78% used [0x0000000080000000,0x00000000a16ef508,0x00000000aa800000)
 Metaspace       used 71035K, committed 72768K, reserved 1114112K
  class space    used 6977K, committed 7744K, reserved 1048576K
}
Event: 70187.485 GC heap after
{Heap after GC invocations=2412 (full 4):
 PSYoungGen      total 3072K, used 1380K [0x00000000d5580000, 0x00000000d5a00000, 0x0000000100000000)
  eden space 1536K, 0% used [0x00000000d5580000,0x00000000d5580000,0x00000000d5700000)
  from space 1536K, 89% used [0x00000000d5880000,0x00000000d59d9080,0x00000000d5a00000)
  to   space 1536K, 0% used [0x00000000d5700000,0x00000000d5700000,0x00000000d5880000)
 ParOldGen       total 696320K, used 548155K [0x0000000080000000, 0x00000000aa800000, 0x00000000d5580000)
  object space 696320K, 78% used [0x0000000080000000,0x00000000a174ecb8,0x00000000aa800000)
 Metaspace       used 71035K, committed 72768K, reserved 1114112K
  class space    used 6977K, committed 7744K, reserved 1048576K
}
Event: 70187.521 GC heap before
{Heap before GC invocations=2413 (full 4):
 PSYoungGen      total 3072K, used 2916K [0x00000000d5580000, 0x00000000d5a00000, 0x0000000100000000)
  eden space 1536K, 100% used [0x00000000d5580000,0x00000000d5700000,0x00000000d5700000)
  from space 1536K, 89% used [0x00000000d5880000,0x00000000d59d9080,0x00000000d5a00000)
  to   space 1536K, 0% used [0x00000000d5700000,0x00000000d5700000,0x00000000d5880000)
 ParOldGen       total 696320K, used 548155K [0x0000000080000000, 0x00000000aa800000, 0x00000000d5580000)
  object space 696320K, 78% used [0x0000000080000000,0x00000000a174ecb8,0x00000000aa800000)
 Metaspace       used 71035K, committed 72768K, reserved 1114112K
  class space    used 6977K, committed 7744K, reserved 1048576K
}

